2017-11-08 20:45:30,341 0      [           main] INFO  work.web.context.ContextLoader  - Root WebApplicationContext: initialization started
2017-11-08 20:45:30,575 234    [           main] INFO  pport.XmlWebApplicationContext  - Refreshing Root WebApplicationContext: startup date [Wed Nov 08 20:45:30 CST 2017]; root of context hierarchy
2017-11-08 20:45:30,645 304    [           main] INFO  ry.xml.XmlBeanDefinitionReader  - Loading XML bean definitions from class path resource [applicationContext.xml]
2017-11-08 20:45:31,245 904    [           main] INFO  tySourcesPlaceholderConfigurer  - Loading properties file from class path resource [jdbc.properties]
2017-11-08 20:45:31,259 918    [           main] INFO  redAnnotationBeanPostProcessor  - JSR-330 'javax.inject.Inject' annotation found and supported for autowiring
2017-11-08 20:45:31,507 1166   [           main] INFO         com.mchange.v2.log.MLog  - MLog clients using log4j logging.
2017-11-08 20:45:31,929 1588   [           main] INFO  m.mchange.v2.c3p0.C3P0Registry  - Initializing c3p0-0.9.1.2 [built 21-May-2007 15:04:56; debug? true; trace: 10]
2017-11-08 20:45:32,555 2214   [           main] INFO           org.hibernate.Version  - HHH000412: Hibernate Core {5.0.7.Final}
2017-11-08 20:45:32,558 2217   [           main] INFO   org.hibernate.cfg.Environment  - HHH000206: hibernate.properties not found
2017-11-08 20:45:32,560 2219   [           main] INFO   org.hibernate.cfg.Environment  - HHH000021: Bytecode provider name : javassist
2017-11-08 20:45:32,600 2259   [           main] WARN   org.hibernate.orm.deprecation  - HHH90000012: Recognized obsolete hibernate namespace http://hibernate.sourceforge.net/hibernate-mapping. Use namespace http://www.hibernate.org/dtd/hibernate-mapping instead.  Support for obsolete DTD/XSD namespaces may be removed at any time.
2017-11-08 20:45:34,042 3701   [           main] INFO  ate.annotations.common.Version  - HCANN000001: Hibernate Commons Annotations {5.0.1.Final}
2017-11-08 20:45:34,327 3986   [           main] INFO  l.AbstractPoolBackedDataSource  - Initializing c3p0 pool... com.mchange.v2.c3p0.ComboPooledDataSource [ acquireIncrement -> 3, acquireRetryAttempts -> 30, acquireRetryDelay -> 1000, autoCommitOnClose -> false, automaticTestTable -> null, breakAfterAcquireFailure -> false, checkoutTimeout -> 0, connectionCustomizerClassName -> null, connectionTesterClassName -> com.mchange.v2.c3p0.impl.DefaultConnectionTester, dataSourceName -> 31srk19r176vvp11jajpv5|25d6c1d3, debugUnreturnedConnectionStackTraces -> false, description -> null, driverClass -> com.mysql.jdbc.Driver, factoryClassLocation -> null, forceIgnoreUnresolvedTransactions -> false, identityToken -> 31srk19r176vvp11jajpv5|25d6c1d3, idleConnectionTestPeriod -> 0, initialPoolSize -> 10, jdbcUrl -> jdbc:mysql:///big?useUnicode=true&characterEncoding=utf8, maxAdministrativeTaskTime -> 0, maxConnectionAge -> 0, maxIdleTime -> 1800, maxIdleTimeExcessConnections -> 0, maxPoolSize -> 30, maxStatements -> 0, maxStatementsPerConnection -> 0, minPoolSize -> 3, numHelperThreads -> 3, numThreadsAwaitingCheckoutDefaultUser -> 0, preferredTestQuery -> null, properties -> {user=******, password=******}, propertyCycle -> 0, testConnectionOnCheckin -> false, testConnectionOnCheckout -> false, unreturnedConnectionTimeout -> 0, usesTraditionalReflectiveProxies -> false ]
2017-11-08 20:45:34,664 4323   [           main] INFO   org.hibernate.dialect.Dialect  - HHH000400: Using dialect: org.hibernate.dialect.MySQL5Dialect
2017-11-08 20:45:34,752 4411   [           main] INFO  internal.LobCreatorBuilderImpl  - HHH000423: Disabling contextual LOB creation as JDBC driver reported JDBC version [3] less than 4
2017-11-08 20:45:34,950 4609   [           main] WARN  .hibernate.id.UUIDHexGenerator  - HHH000409: Using org.hibernate.id.UUIDHexGenerator which does not generate IETF RFC 4122 compliant UUID values; consider using org.hibernate.id.UUIDGenerator instead
2017-11-08 20:45:35,458 5117   [           main] INFO  nate.tool.hbm2ddl.SchemaUpdate  - HHH000228: Running hbm2ddl schema update
2017-11-08 20:45:35,758 5417   [           main] INFO  e5.HibernateTransactionManager  - Using DataSource [com.mchange.v2.c3p0.ComboPooledDataSource [ acquireIncrement -> 3, acquireRetryAttempts -> 30, acquireRetryDelay -> 1000, autoCommitOnClose -> false, automaticTestTable -> null, breakAfterAcquireFailure -> false, checkoutTimeout -> 0, connectionCustomizerClassName -> null, connectionTesterClassName -> com.mchange.v2.c3p0.impl.DefaultConnectionTester, dataSourceName -> 31srk19r176vvp11jajpv5|25d6c1d3, debugUnreturnedConnectionStackTraces -> false, description -> null, driverClass -> com.mysql.jdbc.Driver, factoryClassLocation -> null, forceIgnoreUnresolvedTransactions -> false, identityToken -> 31srk19r176vvp11jajpv5|25d6c1d3, idleConnectionTestPeriod -> 0, initialPoolSize -> 10, jdbcUrl -> jdbc:mysql:///big?useUnicode=true&characterEncoding=utf8, maxAdministrativeTaskTime -> 0, maxConnectionAge -> 0, maxIdleTime -> 1800, maxIdleTimeExcessConnections -> 0, maxPoolSize -> 30, maxStatements -> 0, maxStatementsPerConnection -> 0, minPoolSize -> 3, numHelperThreads -> 3, numThreadsAwaitingCheckoutDefaultUser -> 0, preferredTestQuery -> null, properties -> {user=******, password=******}, propertyCycle -> 0, testConnectionOnCheckin -> false, testConnectionOnCheckout -> false, unreturnedConnectionTimeout -> 0, usesTraditionalReflectiveProxies -> false ]] of Hibernate SessionFactory for HibernateTransactionManager
2017-11-08 20:45:35,893 5552   [           main] INFO  work.web.context.ContextLoader  - Root WebApplicationContext: initialization completed in 5550 ms
2017-11-08 20:45:36,585 6244   [           main] INFO  iders.XmlConfigurationProvider  - Parsing configuration file [struts-default.xml]
2017-11-08 20:45:36,837 6496   [           main] INFO  iders.XmlConfigurationProvider  - Parsing configuration file [struts-plugin.xml]
2017-11-08 20:45:36,863 6522   [           main] INFO  iders.XmlConfigurationProvider  - Parsing configuration file [struts.xml]
2017-11-08 20:45:36,866 6525   [           main] INFO  .AbstractBeanSelectionProvider  - Choosing bean (spring) for (com.opensymphony.xwork2.ObjectFactory)
2017-11-08 20:45:36,866 6525   [           main] INFO  .AbstractBeanSelectionProvider  - Choosing bean (struts) for (com.opensymphony.xwork2.factory.ActionFactory)
2017-11-08 20:45:36,866 6525   [           main] INFO  .AbstractBeanSelectionProvider  - Choosing bean (struts) for (com.opensymphony.xwork2.factory.ResultFactory)
2017-11-08 20:45:36,866 6525   [           main] INFO  .AbstractBeanSelectionProvider  - Choosing bean (struts) for (com.opensymphony.xwork2.factory.ConverterFactory)
2017-11-08 20:45:36,866 6525   [           main] INFO  .AbstractBeanSelectionProvider  - Choosing bean (struts) for (com.opensymphony.xwork2.factory.InterceptorFactory)
2017-11-08 20:45:36,867 6526   [           main] INFO  .AbstractBeanSelectionProvider  - Choosing bean (struts) for (com.opensymphony.xwork2.factory.ValidatorFactory)
2017-11-08 20:45:36,867 6526   [           main] INFO  .AbstractBeanSelectionProvider  - Choosing bean (struts) for (com.opensymphony.xwork2.factory.UnknownHandlerFactory)
2017-11-08 20:45:36,867 6526   [           main] INFO  .AbstractBeanSelectionProvider  - Choosing bean (struts) for (com.opensymphony.xwork2.FileManagerFactory)
2017-11-08 20:45:36,867 6526   [           main] INFO  .AbstractBeanSelectionProvider  - Choosing bean (struts) for (com.opensymphony.xwork2.conversion.impl.XWorkConverter)
2017-11-08 20:45:36,867 6526   [           main] INFO  .AbstractBeanSelectionProvider  - Choosing bean (struts) for (com.opensymphony.xwork2.conversion.impl.CollectionConverter)
2017-11-08 20:45:36,867 6526   [           main] INFO  .AbstractBeanSelectionProvider  - Choosing bean (struts) for (com.opensymphony.xwork2.conversion.impl.ArrayConverter)
2017-11-08 20:45:36,867 6526   [           main] INFO  .AbstractBeanSelectionProvider  - Choosing bean (struts) for (com.opensymphony.xwork2.conversion.impl.DateConverter)
2017-11-08 20:45:36,867 6526   [           main] INFO  .AbstractBeanSelectionProvider  - Choosing bean (struts) for (com.opensymphony.xwork2.conversion.impl.NumberConverter)
2017-11-08 20:45:36,867 6526   [           main] INFO  .AbstractBeanSelectionProvider  - Choosing bean (struts) for (com.opensymphony.xwork2.conversion.impl.StringConverter)
2017-11-08 20:45:36,868 6527   [           main] INFO  .AbstractBeanSelectionProvider  - Choosing bean (struts) for (com.opensymphony.xwork2.conversion.ConversionPropertiesProcessor)
2017-11-08 20:45:36,868 6527   [           main] INFO  .AbstractBeanSelectionProvider  - Choosing bean (struts) for (com.opensymphony.xwork2.conversion.ConversionFileProcessor)
2017-11-08 20:45:36,868 6527   [           main] INFO  .AbstractBeanSelectionProvider  - Choosing bean (struts) for (com.opensymphony.xwork2.conversion.ConversionAnnotationProcessor)
2017-11-08 20:45:36,868 6527   [           main] INFO  .AbstractBeanSelectionProvider  - Choosing bean (struts) for (com.opensymphony.xwork2.conversion.TypeConverterCreator)
2017-11-08 20:45:36,868 6527   [           main] INFO  .AbstractBeanSelectionProvider  - Choosing bean (struts) for (com.opensymphony.xwork2.conversion.TypeConverterHolder)
2017-11-08 20:45:36,868 6527   [           main] INFO  .AbstractBeanSelectionProvider  - Choosing bean (struts) for (com.opensymphony.xwork2.TextProvider)
2017-11-08 20:45:36,868 6527   [           main] INFO  .AbstractBeanSelectionProvider  - Choosing bean (struts) for (com.opensymphony.xwork2.LocaleProvider)
2017-11-08 20:45:36,868 6527   [           main] INFO  .AbstractBeanSelectionProvider  - Choosing bean (struts) for (com.opensymphony.xwork2.ActionProxyFactory)
2017-11-08 20:45:36,868 6527   [           main] INFO  .AbstractBeanSelectionProvider  - Choosing bean (struts) for (com.opensymphony.xwork2.conversion.ObjectTypeDeterminer)
2017-11-08 20:45:36,869 6528   [           main] INFO  .AbstractBeanSelectionProvider  - Choosing bean (struts) for (org.apache.struts2.dispatcher.mapper.ActionMapper)
2017-11-08 20:45:36,869 6528   [           main] INFO  .AbstractBeanSelectionProvider  - Choosing bean (jakarta) for (org.apache.struts2.dispatcher.multipart.MultiPartRequest)
2017-11-08 20:45:36,869 6528   [           main] INFO  .AbstractBeanSelectionProvider  - Choosing bean (struts) for (org.apache.struts2.views.freemarker.FreemarkerManager)
2017-11-08 20:45:36,872 6531   [           main] INFO  .AbstractBeanSelectionProvider  - Choosing bean (struts) for (org.apache.struts2.components.UrlRenderer)
2017-11-08 20:45:36,872 6531   [           main] INFO  .AbstractBeanSelectionProvider  - Choosing bean (struts) for (com.opensymphony.xwork2.validator.ActionValidatorManager)
2017-11-08 20:45:36,872 6531   [           main] INFO  .AbstractBeanSelectionProvider  - Choosing bean (struts) for (com.opensymphony.xwork2.util.ValueStackFactory)
2017-11-08 20:45:36,872 6531   [           main] INFO  .AbstractBeanSelectionProvider  - Choosing bean (struts) for (com.opensymphony.xwork2.util.reflection.ReflectionProvider)
2017-11-08 20:45:36,872 6531   [           main] INFO  .AbstractBeanSelectionProvider  - Choosing bean (struts) for (com.opensymphony.xwork2.util.reflection.ReflectionContextFactory)
2017-11-08 20:45:36,872 6531   [           main] INFO  .AbstractBeanSelectionProvider  - Choosing bean (struts) for (com.opensymphony.xwork2.util.PatternMatcher)
2017-11-08 20:45:36,872 6531   [           main] INFO  .AbstractBeanSelectionProvider  - Choosing bean (struts) for (org.apache.struts2.util.ContentTypeMatcher)
2017-11-08 20:45:36,873 6532   [           main] INFO  .AbstractBeanSelectionProvider  - Choosing bean (struts) for (org.apache.struts2.dispatcher.StaticContentLoader)
2017-11-08 20:45:36,873 6532   [           main] INFO  .AbstractBeanSelectionProvider  - Choosing bean (struts) for (com.opensymphony.xwork2.UnknownHandlerManager)
2017-11-08 20:45:36,873 6532   [           main] INFO  .AbstractBeanSelectionProvider  - Choosing bean (struts) for (org.apache.struts2.views.util.UrlHelper)
2017-11-08 20:45:36,873 6532   [           main] INFO  .AbstractBeanSelectionProvider  - Choosing bean (struts) for (com.opensymphony.xwork2.util.TextParser)
2017-11-08 20:45:36,873 6532   [           main] INFO  .AbstractBeanSelectionProvider  - Choosing bean (struts) for (org.apache.struts2.dispatcher.DispatcherErrorHandler)
2017-11-08 20:45:36,873 6532   [           main] INFO  .AbstractBeanSelectionProvider  - Choosing bean (struts) for (com.opensymphony.xwork2.security.ExcludedPatternsChecker)
2017-11-08 20:45:36,873 6532   [           main] INFO  .AbstractBeanSelectionProvider  - Choosing bean (struts) for (com.opensymphony.xwork2.security.AcceptedPatternsChecker)
2017-11-08 20:45:36,895 6554   [           main] INFO  ring.StrutsSpringObjectFactory  - Initializing Struts-Spring integration...
2017-11-08 20:45:36,896 6555   [           main] INFO  rk2.spring.SpringObjectFactory  - Setting autowire strategy to name
2017-11-08 20:45:36,896 6555   [           main] INFO  ring.StrutsSpringObjectFactory  - ... initialized Struts-Spring integration successfully
2017-11-08 20:45:57,121 26780  [    http-8080-1] ERROR .struts2.dispatcher.Dispatcher  - Could not find action or result
/
There is no Action mapped for namespace [/] and action name [] associated with context path []. - [unknown location]
	at com.opensymphony.xwork2.DefaultActionProxy.prepare(DefaultActionProxy.java:185)
	at org.apache.struts2.impl.StrutsActionProxy.prepare(StrutsActionProxy.java:63)
	at org.apache.struts2.impl.StrutsActionProxyFactory.createActionProxy(StrutsActionProxyFactory.java:37)
	at com.opensymphony.xwork2.DefaultActionProxyFactory.createActionProxy(DefaultActionProxyFactory.java:58)
	at org.apache.struts2.dispatcher.Dispatcher.serviceAction(Dispatcher.java:554)
	at org.apache.struts2.dispatcher.ng.ExecuteOperations.executeAction(ExecuteOperations.java:81)
	at org.apache.struts2.dispatcher.ng.filter.StrutsPrepareAndExecuteFilter.doFilter(StrutsPrepareAndExecuteFilter.java:99)
	at org.apache.catalina.core.ApplicationFilterChain.internalDoFilter(ApplicationFilterChain.java:235)
	at org.apache.catalina.core.ApplicationFilterChain.doFilter(ApplicationFilterChain.java:206)
	at org.apache.catalina.core.StandardWrapperValve.invoke(StandardWrapperValve.java:233)
	at org.apache.catalina.core.StandardContextValve.invoke(StandardContextValve.java:191)
	at org.apache.catalina.core.StandardHostValve.invoke(StandardHostValve.java:127)
	at org.apache.catalina.valves.ErrorReportValve.invoke(ErrorReportValve.java:102)
	at org.apache.catalina.core.StandardEngineValve.invoke(StandardEngineValve.java:109)
	at org.apache.catalina.connector.CoyoteAdapter.service(CoyoteAdapter.java:298)
	at org.apache.coyote.http11.Http11Processor.process(Http11Processor.java:857)
	at org.apache.coyote.http11.Http11Protocol$Http11ConnectionHandler.process(Http11Protocol.java:588)
	at org.apache.tomcat.util.net.JIoEndpoint$Worker.run(JIoEndpoint.java:489)
	at java.lang.Thread.run(Thread.java:745)
2017-11-08 20:47:56,761 146420 [    http-8080-1] ERROR .struts2.dispatcher.Dispatcher  - Could not find action or result
/myssh/PeopleAction
There is no Action mapped for namespace [/] and action name [PeopleAction] associated with context path []. - [unknown location]
	at com.opensymphony.xwork2.DefaultActionProxy.prepare(DefaultActionProxy.java:185)
	at org.apache.struts2.impl.StrutsActionProxy.prepare(StrutsActionProxy.java:63)
	at org.apache.struts2.impl.StrutsActionProxyFactory.createActionProxy(StrutsActionProxyFactory.java:37)
	at com.opensymphony.xwork2.DefaultActionProxyFactory.createActionProxy(DefaultActionProxyFactory.java:58)
	at org.apache.struts2.dispatcher.Dispatcher.serviceAction(Dispatcher.java:554)
	at org.apache.struts2.dispatcher.ng.ExecuteOperations.executeAction(ExecuteOperations.java:81)
	at org.apache.struts2.dispatcher.ng.filter.StrutsPrepareAndExecuteFilter.doFilter(StrutsPrepareAndExecuteFilter.java:99)
	at org.apache.catalina.core.ApplicationFilterChain.internalDoFilter(ApplicationFilterChain.java:235)
	at org.apache.catalina.core.ApplicationFilterChain.doFilter(ApplicationFilterChain.java:206)
	at org.apache.catalina.core.StandardWrapperValve.invoke(StandardWrapperValve.java:233)
	at org.apache.catalina.core.StandardContextValve.invoke(StandardContextValve.java:191)
	at org.apache.catalina.core.StandardHostValve.invoke(StandardHostValve.java:127)
	at org.apache.catalina.valves.ErrorReportValve.invoke(ErrorReportValve.java:102)
	at org.apache.catalina.core.StandardEngineValve.invoke(StandardEngineValve.java:109)
	at org.apache.catalina.connector.CoyoteAdapter.service(CoyoteAdapter.java:298)
	at org.apache.coyote.http11.Http11Processor.process(Http11Processor.java:857)
	at org.apache.coyote.http11.Http11Protocol$Http11ConnectionHandler.process(Http11Protocol.java:588)
	at org.apache.tomcat.util.net.JIoEndpoint$Worker.run(JIoEndpoint.java:489)
	at java.lang.Thread.run(Thread.java:745)
2017-11-08 20:51:26,311 355970 [    http-8080-1] ERROR .struts2.dispatcher.Dispatcher  - Could not find action or result
/myssh/personList.action
There is no Action mapped for namespace [/] and action name [personList] associated with context path []. - [unknown location]
	at com.opensymphony.xwork2.DefaultActionProxy.prepare(DefaultActionProxy.java:185)
	at org.apache.struts2.impl.StrutsActionProxy.prepare(StrutsActionProxy.java:63)
	at org.apache.struts2.impl.StrutsActionProxyFactory.createActionProxy(StrutsActionProxyFactory.java:37)
	at com.opensymphony.xwork2.DefaultActionProxyFactory.createActionProxy(DefaultActionProxyFactory.java:58)
	at org.apache.struts2.dispatcher.Dispatcher.serviceAction(Dispatcher.java:554)
	at org.apache.struts2.dispatcher.ng.ExecuteOperations.executeAction(ExecuteOperations.java:81)
	at org.apache.struts2.dispatcher.ng.filter.StrutsPrepareAndExecuteFilter.doFilter(StrutsPrepareAndExecuteFilter.java:99)
	at org.apache.catalina.core.ApplicationFilterChain.internalDoFilter(ApplicationFilterChain.java:235)
	at org.apache.catalina.core.ApplicationFilterChain.doFilter(ApplicationFilterChain.java:206)
	at org.apache.catalina.core.StandardWrapperValve.invoke(StandardWrapperValve.java:233)
	at org.apache.catalina.core.StandardContextValve.invoke(StandardContextValve.java:191)
	at org.apache.catalina.core.StandardHostValve.invoke(StandardHostValve.java:127)
	at org.apache.catalina.valves.ErrorReportValve.invoke(ErrorReportValve.java:102)
	at org.apache.catalina.core.StandardEngineValve.invoke(StandardEngineValve.java:109)
	at org.apache.catalina.connector.CoyoteAdapter.service(CoyoteAdapter.java:298)
	at org.apache.coyote.http11.Http11Processor.process(Http11Processor.java:857)
	at org.apache.coyote.http11.Http11Protocol$Http11ConnectionHandler.process(Http11Protocol.java:588)
	at org.apache.tomcat.util.net.JIoEndpoint$Worker.run(JIoEndpoint.java:489)
	at java.lang.Thread.run(Thread.java:745)
